  compromise_check.c
C:\Users\Jirka\source\repos\Projekt_VBA\src\compromise_check.c(14,14): warning C4013: strcspn nedefinované; předpokládá se extern vracející int.
C:\Users\Jirka\source\repos\Projekt_VBA\src\compromise_check.c(15,13): warning C4013: strcmp nedefinované; předpokládá se extern vracející int.
C:\Users\Jirka\source\repos\Projekt_VBA\src\compromise_check.c(6,18): warning C4996: 'fopen': This function or variable may be unsafe. Consider using fopen_s instead. To disable deprecation, use _CRT_SECURE_NO_WARNINGS. See online help for details.
  main.c
C:\Users\Jirka\source\repos\Projekt_VBA\src\main.c(29,8): warning C4244: funkce: time_t se převádí na unsigned int; může dojít ke ztrátě dat.
C:\Users\Jirka\source\repos\Projekt_VBA\src\main.c(41,118): warning C4020: show_password_and_its_parameters: moc velký počet skutečných parametrů
C:\Users\Jirka\source\repos\Projekt_VBA\src\main.c(50,23): warning C4013: calculate_password_strength nedefinované; předpokládá se extern vracející int.
C:\Users\Jirka\source\repos\Projekt_VBA\src\main.c(36,19): warning C4996: 'strdup': The POSIX name for this item is deprecated. Instead, use the ISO C and C++ conformant name: _strdup. See online help for details.
C:\Users\Jirka\source\repos\Projekt_VBA\src\main.c(121,13): warning C4996: 'sscanf': This function or variable may be unsafe. Consider using sscanf_s instead. To disable deprecation, use _CRT_SECURE_NO_WARNINGS. See online help for details.
C:\Users\Jirka\source\repos\Projekt_VBA\src\main.c(161,16): warning C4029: Deklarovaný seznam formálních parametrů se liší od definice.
  password_generator.c
C:\Users\Jirka\source\repos\Projekt_VBA\src\password_generator.c(29,24): warning C4996: 'strncat': This function or variable may be unsafe. Consider using strncat_s instead. To disable deprecation, use _CRT_SECURE_NO_WARNINGS. See online help for details.
C:\Users\Jirka\source\repos\Projekt_VBA\src\password_generator.c(30,24): warning C4996: 'strncat': This function or variable may be unsafe. Consider using strncat_s instead. To disable deprecation, use _CRT_SECURE_NO_WARNINGS. See online help for details.
C:\Users\Jirka\source\repos\Projekt_VBA\src\password_generator.c(31,21): warning C4996: 'strncat': This function or variable may be unsafe. Consider using strncat_s instead. To disable deprecation, use _CRT_SECURE_NO_WARNINGS. See online help for details.
C:\Users\Jirka\source\repos\Projekt_VBA\src\password_generator.c(32,22): warning C4996: 'strncat': This function or variable may be unsafe. Consider using strncat_s instead. To disable deprecation, use _CRT_SECURE_NO_WARNINGS. See online help for details.
C:\Users\Jirka\source\repos\Projekt_VBA\src\password_generator.c(34,23): warning C4267: inicializování: Převod z: size_t na: int, může dojít ke ztrátě dat.
  strength_check.c
C:\Users\Jirka\source\repos\Projekt_VBA\src\strength_check.c(11,18): warning C4267: inicializování: Převod z: size_t na: int, může dojít ke ztrátě dat.
  Generování kódu...
  Projekt_VBA.vcxproj -> C:\Users\Jirka\source\repos\Projekt_VBA\x64\Debug\Projekt_VBA.exe
